#
# A fatal error has been detected by the Java Runtime Environment:
#
#  SIGSEGV (0xb) at pc=0x00000001218bfd67, pid=25885, tid=53523
#
# JRE version: Java(TM) SE Runtime Environment (8.0_51-b16) (build 1.8.0_51-b16)
# Java VM: Java HotSpot(TM) 64-Bit Server VM (25.51-b03 mixed mode bsd-amd64 compressed oops)
# Problematic frame:
# C  [libawt_lwawt.dylib+0x1ad67]  OGLSD_SetScratchSurface+0x49
#
# Failed to write core dump. Core dumps have been disabled. To enable core dumping, try "ulimit -c unlimited" before starting Java again
#
# If you would like to submit a bug report, please visit:
#   http://bugreport.java.com/bugreport/crash.jsp
# The crash happened outside the Java Virtual Machine in native code.
# See problematic frame for where to report the bug.
#

---------------  T H R E A D  ---------------

Current thread (0x00007fe075809800):  JavaThread "Java2D Queue Flusher" daemon [_thread_in_native, id=53523, stack(0x00007000019f1000,0x0000700001af1000)]

siginfo: si_signo: 11 (SIGSEGV), si_code: 1 (SEGV_MAPERR), si_addr: 0x0000000000000002

Registers:
RAX=0x00000000ffffffff, RBX=0x0000000000000002, RCX=0x0000000000000047, RDX=0x00000001218e06cc
RSP=0x0000700001af0710, RBP=0x0000700001af0730, RSI=0x00007fe072de38d0, RDI=0x00007fe0758099f8
R8 =0x00000000000000ed, R9 =0x00007fe074b06d40, R10=0x0000000105530938, R11=0x00000001055fb880
R12=0x0000000000000000, R13=0x0000700001af0888, R14=0x00007fe0758099f8, R15=0x00007fe075809800
RIP=0x00000001218bfd67, EFLAGS=0x0000000000010202, ERR=0x0000000000000004
  TRAPNO=0x000000000000000e

Top of Stack: (sp=0x0000700001af0710)
0x0000700001af0710:   00007fe072de38d0 0000000000000000
0x0000700001af0720:   00007fe0730a6e10 00007fe075809800
0x0000700001af0730:   0000700001af07b0 00000001218e01aa
0x0000700001af0740:   00007fe075809800 000000000000ce1b
0x0000700001af0750:   00007fe074b06d00 0000000200000001
0x0000700001af0760:   0000000000000072 0000700000000000
0x0000700001af0770:   0000000000000000 00007fe0730a6e20
0x0000700001af0780:   0000000000bbb040 00007fe0758099f8
0x0000700001af0790:   00000001293bbe70 0000000000000000
0x0000700001af07a0:   0000700001af08e0 00007fe075809800
0x0000700001af07b0:   0000700001af0800 00000001055309aa
0x0000700001af07c0:   000000076eb44650 00007fe074b06478
0x0000700001af07d0:   0000700001af0800 0000000104317978
0x0000700001af07e0:   0000000000000064 0000000000000000
0x0000700001af07f0:   0000000000000064 00007fe074b06478
0x0000700001af0800:   0000700001af08d0 00000001055fbabc
0x0000700001af0810:   00007fe000000005 00007fe075809800
0x0000700001af0820:   0000000000000001 00007fe074b074a0
0x0000700001af0830:   000000076eb18200 00007fe075809800
0x0000700001af0840:   00007fe075809800 000000011d680a08
0x0000700001af0850:   0000700001af0960 00007fe075809800
0x0000700001af0860:   000000076eb44650 0000000105002d28
0x0000700001af0870:   0000700001af08d0 0000000104d70c4d
0x0000700001af0880:   0000000104d70c4d 000000076eb44650
0x0000700001af0890:   0000700001af0890 000000011da316f9
0x0000700001af08a0:   0000700001af08e0 000000011da32508
0x0000700001af08b0:   00000001293bbe50 000000011da31708
0x0000700001af08c0:   0000700001af0888 0000700001af08e0
0x0000700001af08d0:   0000700001af0938 0000000104d70c4d
0x0000700001af08e0:   000000076eb44650 0000000000000001
0x0000700001af08f0:   000000076eb18208 0000700001af08e8
0x0000700001af0900:   000000011dac1109 0000700001af0960 

Instructions: (pc=0x00000001218bfd67)
0x00000001218bfd47:   c0 e9 82 00 00 00 48 8b 5e 10 48 85 db 75 0e bf
0x00000001218bfd57:   01 00 00 00 48 8d 15 d8 76 03 00 eb d6 49 89 fe
0x00000001218bfd67:   4c 8b 3b 30 c0 e8 5f a3 02 00 49 8b 3f 49 89 c4
0x00000001218bfd77:   48 8b 35 ca f7 05 00 30 c0 e8 5f a4 02 00 48 85 

Register to memory mapping:

RAX=0x00000000ffffffff is an unknown value
RBX=0x0000000000000002 is an unknown value
RCX=0x0000000000000047 is an unknown value
RDX=0x00000001218e06cc: Java_sun_java2d_opengl_OGLRenderQueue_flushBuffer+0xb5c in /Library/Java/JavaVirtualMachines/jdk1.8.0_51.jdk/Contents/Home/jre/lib/libawt_lwawt.dylib at 0x00000001218a5000
RSP=0x0000700001af0710 is pointing into the stack for thread: 0x00007fe075809800
RBP=0x0000700001af0730 is pointing into the stack for thread: 0x00007fe075809800
RSI=0x00007fe072de38d0 is an unknown value
RDI=0x00007fe0758099f8 is an unknown value
R8 =0x00000000000000ed is an unknown value
R9 =0x00007fe074b06d40 is an unknown value
R10=0x0000000105530938 is at entry_point+56 in (nmethod*)0x0000000105530790
R11=0x00000001055fb880 is at entry_point+32 in (nmethod*)0x00000001055fb6d0
R12=0x0000000000000000 is an unknown value
R13=0x0000700001af0888 is pointing into the stack for thread: 0x00007fe075809800
R14=0x00007fe0758099f8 is an unknown value
R15=0x00007fe075809800 is a thread


Stack: [0x00007000019f1000,0x0000700001af1000],  sp=0x0000700001af0710,  free space=1021k
Native frames: (J=compiled Java code, j=interpreted, Vv=VM code, C=native code)
C  [libawt_lwawt.dylib+0x1ad67]  OGLSD_SetScratchSurface+0x49
C  [libawt_lwawt.dylib+0x3b1aa]  Java_sun_java2d_opengl_OGLRenderQueue_flushBuffer+0x63a
J 2338  sun.java2d.opengl.OGLRenderQueue.flushBuffer(JI)V (0 bytes) @ 0x00000001055309aa [0x0000000105530900+0xaa]
J 2579 C1 sun.java2d.opengl.OGLRenderQueue.flushBuffer()V (41 bytes) @ 0x00000001055fbabc [0x00000001055fb860+0x25c]
j  sun.java2d.opengl.OGLRenderQueue.access$100(Lsun/java2d/opengl/OGLRenderQueue;)V+1
j  sun.java2d.opengl.OGLRenderQueue$QueueFlusher.run()V+81
v  ~StubRoutines::call_stub
V  [libjvm.dylib+0x2e01e2]
V  [libjvm.dylib+0x2e0970]
V  [libjvm.dylib+0x2e0b1c]
V  [libjvm.dylib+0x33305d]
V  [libjvm.dylib+0x549a6f]
V  [libjvm.dylib+0x54b160]
V  [libjvm.dylib+0x46e99e]
C  [libsystem_pthread.dylib+0x399d]  _pthread_body+0x83
C  [libsystem_pthread.dylib+0x391a]  _pthread_body+0x0
C  [libsystem_pthread.dylib+0x1351]  thread_start+0xd
C  0x0000000000000000

Java frames: (J=compiled Java code, j=interpreted, Vv=VM code)
J 2338  sun.java2d.opengl.OGLRenderQueue.flushBuffer(JI)V (0 bytes) @ 0x0000000105530938 [0x0000000105530900+0x38]
J 2579 C1 sun.java2d.opengl.OGLRenderQueue.flushBuffer()V (41 bytes) @ 0x00000001055fbabc [0x00000001055fb860+0x25c]
j  sun.java2d.opengl.OGLRenderQueue.access$100(Lsun/java2d/opengl/OGLRenderQueue;)V+1
j  sun.java2d.opengl.OGLRenderQueue$QueueFlusher.run()V+81
v  ~StubRoutines::call_stub

---------------  P R O C E S S  ---------------

Java Threads: ( => current thread )
  0x00007fe07a82c000 JavaThread "Keep-Alive-Timer" daemon [_thread_blocked, id=70963, stack(0x0000700001f83000,0x0000700002083000)]
  0x00007fe0730dd800 JavaThread "Abandoned connection cleanup thread" daemon [_thread_blocked, id=67075, stack(0x0000700001e80000,0x0000700001f80000)]
  0x00007fe07545d000 JavaThread "TimerQueue" daemon [_thread_blocked, id=66375, stack(0x0000700001d7d000,0x0000700001e7d000)]
  0x00007fe074003000 JavaThread "DestroyJavaVM" [_thread_blocked, id=5891, stack(0x000070000011a000,0x000070000021a000)]
  0x00007fe07512a800 JavaThread "AWT-EventQueue-0" [_thread_blocked, id=58371, stack(0x0000700001bf7000,0x0000700001cf7000)]
  0x00007fe0730d0800 JavaThread "Java2D Disposer" daemon [_thread_blocked, id=52763, stack(0x0000700001af4000,0x0000700001bf4000)]
=>0x00007fe075809800 JavaThread "Java2D Queue Flusher" daemon [_thread_in_native, id=53523, stack(0x00007000019f1000,0x0000700001af1000)]
  0x00007fe075032800 JavaThread "AWT-Shutdown" [_thread_blocked, id=31763, stack(0x00007000015dc000,0x00007000016dc000)]
  0x00007fe075060000 JavaThread "AppKit Thread" daemon [_thread_in_native, id=2571, stack(0x00007fff5c932000,0x00007fff5d132000)]
  0x00007fe073801000 JavaThread "Service Thread" daemon [_thread_blocked, id=21251, stack(0x0000700001353000,0x0000700001453000)]
  0x00007fe075011000 JavaThread "C1 CompilerThread3" daemon [_thread_blocked, id=20739, stack(0x0000700001250000,0x0000700001350000)]
  0x00007fe075010000 JavaThread "C2 CompilerThread2" daemon [_thread_blocked, id=20227, stack(0x000070000114d000,0x000070000124d000)]
  0x00007fe07500e800 JavaThread "C2 CompilerThread1" daemon [_thread_blocked, id=19715, stack(0x000070000104a000,0x000070000114a000)]
  0x00007fe073022000 JavaThread "C2 CompilerThread0" daemon [_thread_blocked, id=19203, stack(0x0000700000f47000,0x0000700001047000)]
  0x00007fe073021800 JavaThread "Signal Dispatcher" daemon [_thread_blocked, id=14863, stack(0x0000700000e44000,0x0000700000f44000)]
  0x00007fe075008800 JavaThread "Finalizer" daemon [_thread_blocked, id=14339, stack(0x0000700000c3b000,0x0000700000d3b000)]
  0x00007fe075007800 JavaThread "Reference Handler" daemon [_thread_blocked, id=13827, stack(0x0000700000b38000,0x0000700000c38000)]

Other Threads:
  0x00007fe073856800 VMThread [stack: 0x0000700000a35000,0x0000700000b35000] [id=13315]
  0x00007fe075029800 WatcherThread [stack: 0x0000700001456000,0x0000700001556000] [id=21763]

VM state:not at safepoint (normal execution)

VM Mutex/Monitor currently owned by a thread: None

Heap:
 PSYoungGen      total 76288K, used 22365K [0x000000076ab00000, 0x0000000770000000, 0x00000007c0000000)
  eden space 65536K, 17% used [0x000000076ab00000,0x000000076b657d10,0x000000076eb00000)
  from space 10752K, 99% used [0x000000076eb00000,0x000000076f57f920,0x000000076f580000)
  to   space 10752K, 0% used [0x000000076f580000,0x000000076f580000,0x0000000770000000)
 ParOldGen       total 175104K, used 12831K [0x00000006c0000000, 0x00000006cab00000, 0x000000076ab00000)
  object space 175104K, 7% used [0x00000006c0000000,0x00000006c0c87f18,0x00000006cab00000)
 Metaspace       used 20168K, capacity 20474K, committed 20864K, reserved 1067008K
  class space    used 2294K, capacity 2394K, committed 2432K, reserved 1048576K

Card table byte_map: [0x0000000114129000,0x000000011492a000] byte_map_base: 0x0000000110b29000

Marking Bits: (ParMarkBitMap*) 0x00000001046c27a0
 Begin Bits: [0x0000000114e80000, 0x0000000118e80000)
 End Bits:   [0x0000000118e80000, 0x000000011ce80000)

Polling page: 0x0000000102d91000

CodeCache: size=245760Kb used=9070Kb max_used=9161Kb free=236689Kb
 bounds [0x0000000104d69000, 0x0000000105669000, 0x0000000113d69000]
 total_blobs=3288 nmethods=2667 adapters=533
 compilation: enabled

Compilation events (10 events):
Event: 68346.514 Thread 0x00007fe075011000 2725       3       java.util.LinkedHashMap::afterNodeRemoval (65 bytes)
Event: 68346.514 Thread 0x00007fe075011000 nmethod 2725 0x0000000105662dd0 code [0x0000000105662f40, 0x00000001056632f0]
Event: 68346.515 Thread 0x00007fe075011000 2726       3       java.awt.Image::flush (15 bytes)
Event: 68346.515 Thread 0x00007fe075011000 nmethod 2726 0x0000000104e8f5d0 code [0x0000000104e8f740, 0x0000000104e8f9a8]
Event: 68346.516 Thread 0x00007fe075011000 2727       3       java.util.LinkedHashMap$LinkedHashIterator::remove (77 bytes)
Event: 68346.517 Thread 0x00007fe075011000 nmethod 2727 0x0000000104eade10 code [0x0000000104eadfe0, 0x0000000104eae598]
Event: 68346.517 Thread 0x00007fe075011000 2728       3       sun.java2d.pipe.BufferedContext::setSurfaces (49 bytes)
Event: 68346.518 Thread 0x00007fe075011000 nmethod 2728 0x0000000104f09210 code [0x0000000104f09400, 0x0000000104f0a1e8]
Event: 68346.521 Thread 0x00007fe075011000 2729   !   3       sun.java2d.opengl.OGLRenderQueue::flushNow (24 bytes)
Event: 68346.522 Thread 0x00007fe075011000 nmethod 2729 0x0000000104ee3ad0 code [0x0000000104ee3cc0, 0x0000000104ee4428]

GC Heap History (6 events):
Event: 11.314 GC heap before
{Heap before GC invocations=1 (full 0):
 PSYoungGen      total 76288K, used 65536K [0x000000076ab00000, 0x0000000770000000, 0x00000007c0000000)
  eden space 65536K, 100% used [0x000000076ab00000,0x000000076eb00000,0x000000076eb00000)
  from space 10752K, 0% used [0x000000076f580000,0x000000076f580000,0x0000000770000000)
  to   space 10752K, 0% used [0x000000076eb00000,0x000000076eb00000,0x000000076f580000)
 ParOldGen       total 175104K, used 0K [0x00000006c0000000, 0x00000006cab00000, 0x000000076ab00000)
  object space 175104K, 0% used [0x00000006c0000000,0x00000006c0000000,0x00000006cab00000)
 Metaspace       used 17784K, capacity 18094K, committed 18432K, reserved 1064960K
  class space    used 2100K, capacity 2200K, committed 2304K, reserved 1048576K
Event: 11.320 GC heap after
Heap after GC invocations=1 (full 0):
 PSYoungGen      total 76288K, used 8051K [0x000000076ab00000, 0x0000000770000000, 0x00000007c0000000)
  eden space 65536K, 0% used [0x000000076ab00000,0x000000076ab00000,0x000000076eb00000)
  from space 10752K, 74% used [0x000000076eb00000,0x000000076f2dcd78,0x000000076f580000)
  to   space 10752K, 0% used [0x000000076f580000,0x000000076f580000,0x0000000770000000)
 ParOldGen       total 175104K, used 24K [0x00000006c0000000, 0x00000006cab00000, 0x000000076ab00000)
  object space 175104K, 0% used [0x00000006c0000000,0x00000006c0006000,0x00000006cab00000)
 Metaspace       used 17784K, capacity 18094K, committed 18432K, reserved 1064960K
  class space    used 2100K, capacity 2200K, committed 2304K, reserved 1048576K
}
Event: 19042.668 GC heap before
{Heap before GC invocations=2 (full 0):
 PSYoungGen      total 76288K, used 68520K [0x000000076ab00000, 0x0000000770000000, 0x00000007c0000000)
  eden space 65536K, 92% used [0x000000076ab00000,0x000000076e60d518,0x000000076eb00000)
  from space 10752K, 74% used [0x000000076eb00000,0x000000076f2dcd78,0x000000076f580000)
  to   space 10752K, 0% used [0x000000076f580000,0x000000076f580000,0x0000000770000000)
 ParOldGen       total 175104K, used 24K [0x00000006c0000000, 0x00000006cab00000, 0x000000076ab00000)
  object space 175104K, 0% used [0x00000006c0000000,0x00000006c0006000,0x00000006cab00000)
 Metaspace       used 19846K, capacity 20090K, committed 20352K, reserved 1067008K
  class space    used 2292K, capacity 2394K, committed 2432K, reserved 1048576K
Event: 19042.705 GC heap after
Heap after GC invocations=2 (full 0):
 PSYoungGen      total 76288K, used 10730K [0x000000076ab00000, 0x0000000770000000, 0x00000007c0000000)
  eden space 65536K, 0% used [0x000000076ab00000,0x000000076ab00000,0x000000076eb00000)
  from space 10752K, 99% used [0x000000076f580000,0x000000076fffa910,0x0000000770000000)
  to   space 10752K, 0% used [0x000000076eb00000,0x000000076eb00000,0x000000076f580000)
 ParOldGen       total 175104K, used 339K [0x00000006c0000000, 0x00000006cab00000, 0x000000076ab00000)
  object space 175104K, 0% used [0x00000006c0000000,0x00000006c0054eb8,0x00000006cab00000)
 Metaspace       used 19846K, capacity 20090K, committed 20352K, reserved 1067008K
  class space    used 2292K, capacity 2394K, committed 2432K, reserved 1048576K
}
Event: 68346.468 GC heap before
{Heap before GC invocations=3 (full 0):
 PSYoungGen      total 76288K, used 70840K [0x000000076ab00000, 0x0000000770000000, 0x00000007c0000000)
  eden space 65536K, 91% used [0x000000076ab00000,0x000000076e5b39e0,0x000000076eb00000)
  from space 10752K, 99% used [0x000000076f580000,0x000000076fffa910,0x0000000770000000)
  to   space 10752K, 0% used [0x000000076eb00000,0x000000076eb00000,0x000000076f580000)
 ParOldGen       total 175104K, used 339K [0x00000006c0000000, 0x00000006cab00000, 0x000000076ab00000)
  object space 175104K, 0% used [0x00000006c0000000,0x00000006c0054eb8,0x00000006cab00000)
 Metaspace       used 20165K, capacity 20474K, committed 20864K, reserved 1067008K
  class space    used 2293K, capacity 2394K, committed 2432K, reserved 1048576K
Event: 68346.498 GC heap after
Heap after GC invocations=3 (full 0):
 PSYoungGen      total 76288K, used 10750K [0x000000076ab00000, 0x0000000770000000, 0x00000007c0000000)
  eden space 65536K, 0% used [0x000000076ab00000,0x000000076ab00000,0x000000076eb00000)
  from space 10752K, 99% used [0x000000076eb00000,0x000000076f57f920,0x000000076f580000)
  to   space 10752K, 0% used [0x000000076f580000,0x000000076f580000,0x0000000770000000)
 ParOldGen       total 175104K, used 12831K [0x00000006c0000000, 0x00000006cab00000, 0x000000076ab00000)
  object space 175104K, 7% used [0x00000006c0000000,0x00000006c0c87f18,0x00000006cab00000)
 Metaspace       used 20165K, capacity 20474K, committed 20864K, reserved 1067008K
  class space    used 2293K, capacity 2394K, committed 2432K, reserved 1048576K
}

Deoptimization events (10 events):
Event: 13.103 Thread 0x00007fe07512a800 Uncommon trap: reason=unstable_if action=reinterpret pc=0x0000000105395ec8 method=java.lang.String.trim()Ljava/lang/String; @ 15
Event: 13.108 Thread 0x00007fe07512a800 Uncommon trap: reason=unstable_if action=reinterpret pc=0x00000001053b4778 method=org.jsoup.parser.CharacterReader.consumeData()Ljava/lang/String; @ 20
Event: 19041.117 Thread 0x00007fe075809800 Uncommon trap: reason=unstable_if action=reinterpret pc=0x00000001054c4700 method=sun.java2d.opengl.OGLRenderQueue$QueueFlusher.run()V @ 22
Event: 33476.807 Thread 0x00007fe075809800 Uncommon trap: reason=class_check action=maybe_recompile pc=0x000000010552493c method=sun.java2d.opengl.OGLRenderQueue$QueueFlusher.run()V @ 95
Event: 56545.074 Thread 0x00007fe075809800 Uncommon trap: reason=class_check action=maybe_recompile pc=0x000000010552493c method=sun.java2d.opengl.OGLRenderQueue$QueueFlusher.run()V @ 95
Event: 68342.351 Thread 0x00007fe07512a800 Uncommon trap: reason=predicate action=maybe_recompile pc=0x0000000105580278 method=org.jsoup.parser.HtmlTreeBuilder.inSpecificScope([Ljava/lang/String;[Ljava/lang/String;[Ljava/lang/String;)Z @ 16
Event: 68343.138 Thread 0x00007fe07512a800 Uncommon trap: reason=unstable_if action=reinterpret pc=0x00000001055762cc method=sun.nio.cs.UTF_8$Decoder.decodeArrayLoop(Ljava/nio/ByteBuffer;Ljava/nio/CharBuffer;)Ljava/nio/charset/CoderResult; @ 77
Event: 68343.148 Thread 0x00007fe07512a800 Uncommon trap: reason=unstable_if action=reinterpret pc=0x000000010539911c method=org.jsoup.parser.CharacterReader.consumeData()Ljava/lang/String; @ 20
Event: 68344.163 Thread 0x00007fe07512a800 Uncommon trap: reason=unstable_if action=reinterpret pc=0x0000000104fe1f5c method=java.util.HashMap.getNode(ILjava/lang/Object;)Ljava/util/HashMap$Node; @ 62
Event: 68346.510 Thread 0x00007fe075809800 Uncommon trap: reason=class_check action=maybe_recompile pc=0x000000010552493c method=sun.java2d.opengl.OGLRenderQueue$QueueFlusher.run()V @ 95

Internal exceptions (10 events):
Event: 0.033 Thread 0x00007fe074003000 Exception <a 'java/lang/NoSuchMethodError': Method sun.misc.Unsafe.prefetchRead(Ljava/lang/Object;J)V name or signature does not match> (0x000000076ab13040) thrown at [/Users/java_re/workspace/8-2-build-macosx-x86_64/jdk8u51/3951/hotspot/src/share/vm/prim
Event: 0.087 Thread 0x00007fe074003000 Exception <a 'java/security/PrivilegedActionException'> (0x000000076abd28a0) thrown at [/Users/java_re/workspace/8-2-build-macosx-x86_64/jdk8u51/3951/hotspot/src/share/vm/prims/jvm.cpp, line 1382]
Event: 0.087 Thread 0x00007fe074003000 Exception <a 'java/security/PrivilegedActionException'> (0x000000076abd2a58) thrown at [/Users/java_re/workspace/8-2-build-macosx-x86_64/jdk8u51/3951/hotspot/src/share/vm/prims/jvm.cpp, line 1382]
Event: 0.087 Thread 0x00007fe074003000 Exception <a 'java/security/PrivilegedActionException'> (0x000000076abd5c48) thrown at [/Users/java_re/workspace/8-2-build-macosx-x86_64/jdk8u51/3951/hotspot/src/share/vm/prims/jvm.cpp, line 1382]
Event: 0.087 Thread 0x00007fe074003000 Exception <a 'java/security/PrivilegedActionException'> (0x000000076abd5e00) thrown at [/Users/java_re/workspace/8-2-build-macosx-x86_64/jdk8u51/3951/hotspot/src/share/vm/prims/jvm.cpp, line 1382]
Event: 0.277 Thread 0x00007fe074003000 Exception <a 'java/io/FileNotFoundException'> (0x000000076abd9d30) thrown at [/Users/java_re/workspace/8-2-build-macosx-x86_64/jdk8u51/3951/hotspot/src/share/vm/prims/jni.cpp, line 709]
Event: 0.277 Thread 0x00007fe074003000 Exception <a 'java/io/FileNotFoundException'> (0x000000076abda848) thrown at [/Users/java_re/workspace/8-2-build-macosx-x86_64/jdk8u51/3951/hotspot/src/share/vm/prims/jni.cpp, line 709]
Event: 0.337 Thread 0x00007fe074003000 Exception <a 'java/lang/NoSuchFieldError': method resolution failed> (0x000000076b096768) thrown at [/Users/java_re/workspace/8-2-build-macosx-x86_64/jdk8u51/3951/hotspot/src/share/vm/prims/methodHandles.cpp, line 1125]
Event: 0.339 Thread 0x00007fe074003000 Exception <a 'java/lang/NoSuchFieldError': method resolution failed> (0x000000076b0a51a8) thrown at [/Users/java_re/workspace/8-2-build-macosx-x86_64/jdk8u51/3951/hotspot/src/share/vm/prims/methodHandles.cpp, line 1125]
Event: 68342.351 Thread 0x00007fe07512a800 Implicit null exception at 0x000000010557fa11 to 0x0000000105580255

Events (10 events):
Event: 68346.517 Thread 0x00007fe075011000 flushing nmethod 0x0000000104f56950
Event: 68346.517 Thread 0x00007fe075011000 flushing nmethod 0x0000000104f57990
Event: 68346.517 Thread 0x00007fe075011000 flushing nmethod 0x0000000104f5a5d0
Event: 68346.517 Thread 0x00007fe075011000 flushing nmethod 0x0000000104f64950
Event: 68346.517 Thread 0x00007fe075011000 flushing nmethod 0x0000000104f6cd50
Event: 68346.517 Thread 0x00007fe075011000 flushing nmethod 0x0000000104f70090
Event: 68346.517 Thread 0x00007fe075011000 flushing nmethod 0x0000000104f723d0
Event: 68346.522 Thread 0x00007fe075011000 flushing nmethod 0x00000001050156d0
Event: 68346.522 Thread 0x00007fe075011000 flushing nmethod 0x0000000105019810
Event: 68346.522 Thread 0x00007fe075011000 flushing nmethod 0x000000010501a950


Dynamic libraries:
0x0000000001273000 	/System/Library/Frameworks/Cocoa.framework/Versions/A/Cocoa
0x0000000001273000 	/System/Library/Frameworks/Security.framework/Versions/A/Security
0x0000000001273000 	/System/Library/Frameworks/ApplicationServices.framework/Versions/A/ApplicationServices
0x0000000001273000 	/usr/lib/libz.1.dylib
0x0000000001273000 	/usr/lib/libSystem.B.dylib
0x0000000001273000 	/usr/lib/libobjc.A.dylib
0x0000000001273000 	/System/Library/Frameworks/CoreFoundation.framework/Versions/A/CoreFoundation
0x0000000001273000 	/System/Library/Frameworks/Foundation.framework/Versions/C/Foundation
0x0000000001273000 	/System/Library/Frameworks/AppKit.framework/Versions/C/AppKit
0x0000000001273000 	/System/Library/Frameworks/CoreData.framework/Versions/A/CoreData
0x0000000001273000 	/System/Library/PrivateFrameworks/RemoteViewServices.framework/Versions/A/RemoteViewServices
0x0000000001273000 	/System/Library/PrivateFrameworks/UIFoundation.framework/Versions/A/UIFoundation
0x0000000001273000 	/usr/lib/libScreenReader.dylib
0x0000000001273000 	/System/Library/Frameworks/Accelerate.framework/Versions/A/Accelerate
0x0000000001273000 	/System/Library/Frameworks/IOSurface.framework/Versions/A/IOSurface
0x0000000001273000 	/System/Library/Frameworks/AudioToolbox.framework/Versions/A/AudioToolbox
0x0000000001273000 	/System/Library/Frameworks/AudioUnit.framework/Versions/A/AudioUnit
0x0000000001273000 	/System/Library/PrivateFrameworks/DataDetectorsCore.framework/Versions/A/DataDetectorsCore
0x0000000001273000 	/System/Library/PrivateFrameworks/DesktopServicesPriv.framework/Versions/A/DesktopServicesPriv
0x0000000001273000 	/System/Library/Frameworks/Carbon.framework/Versions/A/Frameworks/HIToolbox.framework/Versions/A/HIToolbox
0x0000000001273000 	/System/Library/Frameworks/QuartzCore.framework/Versions/A/QuartzCore
0x0000000001273000 	/System/Library/Frameworks/Carbon.framework/Versions/A/Frameworks/SpeechRecognition.framework/Versions/A/SpeechRecognition
0x0000000001273000 	/usr/lib/libauto.dylib
0x0000000001273000 	/usr/lib/libicucore.A.dylib
0x0000000001273000 	/usr/lib/libxml2.2.dylib
0x0000000001273000 	/System/Library/PrivateFrameworks/CoreUI.framework/Versions/A/CoreUI
0x0000000001273000 	/System/Library/Frameworks/CoreAudio.framework/Versions/A/CoreAudio
0x0000000001273000 	/System/Library/Frameworks/DiskArbitration.framework/Versions/A/DiskArbitration
0x0000000001273000 	/usr/lib/liblangid.dylib
0x0000000001273000 	/System/Library/PrivateFrameworks/MultitouchSupport.framework/Versions/A/MultitouchSupport
0x0000000001273000 	/System/Library/Frameworks/IOKit.framework/Versions/A/IOKit
0x0000000001273000 	/usr/lib/libDiagnosticMessagesClient.dylib
0x0000000001273000 	/System/Library/Frameworks/CoreServices.framework/Versions/A/CoreServices
0x0000000001273000 	/System/Library/PrivateFrameworks/PerformanceAnalysis.framework/Versions/A/PerformanceAnalysis
0x0000000001273000 	/System/Library/PrivateFrameworks/GenerationalStorage.framework/Versions/A/GenerationalStorage
0x0000000001273000 	/System/Library/Frameworks/OpenGL.framework/Versions/A/OpenGL
0x0000000001273000 	/System/Library/PrivateFrameworks/Sharing.framework/Versions/A/Sharing
0x0000000001273000 	/System/Library/Frameworks/CoreGraphics.framework/Versions/A/CoreGraphics
0x0000000001273000 	/System/Library/Frameworks/CoreImage.framework/Versions/A/CoreImage
0x0000000001273000 	/System/Library/Frameworks/CoreText.framework/Versions/A/CoreText
0x0000000001273000 	/System/Library/Frameworks/ImageIO.framework/Versions/A/ImageIO
0x0000000001273000 	/System/Library/PrivateFrameworks/Backup.framework/Versions/A/Backup
0x0000000001273000 	/usr/lib/libextension.dylib
0x0000000001273000 	/usr/lib/libarchive.2.dylib
0x0000000001273000 	/System/Library/Frameworks/CFNetwork.framework/Versions/A/CFNetwork
0x0000000001273000 	/System/Library/Frameworks/SystemConfiguration.framework/Versions/A/SystemConfiguration
0x0000000001273000 	/usr/lib/libCRFSuite.dylib
0x0000000001273000 	/usr/lib/libc++.1.dylib
0x0000000001273000 	/usr/lib/libc++abi.dylib
0x0000000001273000 	/usr/lib/system/libcache.dylib
0x0000000001273000 	/usr/lib/system/libcommonCrypto.dylib
0x0000000001273000 	/usr/lib/system/libcompiler_rt.dylib
0x0000000001273000 	/usr/lib/system/libcopyfile.dylib
0x0000000001273000 	/usr/lib/system/libcorecrypto.dylib
0x0000000001273000 	/usr/lib/system/libdispatch.dylib
0x0000000001273000 	/usr/lib/system/libdyld.dylib
0x0000000001273000 	/usr/lib/system/libkeymgr.dylib
0x0000000001273000 	/usr/lib/system/liblaunch.dylib
0x0000000001273000 	/usr/lib/system/libmacho.dylib
0x0000000001273000 	/usr/lib/system/libquarantine.dylib
0x0000000001273000 	/usr/lib/system/libremovefile.dylib
0x0000000001273000 	/usr/lib/system/libsystem_asl.dylib
0x0000000001273000 	/usr/lib/system/libsystem_blocks.dylib
0x0000000001273000 	/usr/lib/system/libsystem_c.dylib
0x0000000001273000 	/usr/lib/system/libsystem_configuration.dylib
0x0000000001273000 	/usr/lib/system/libsystem_coreservices.dylib
0x0000000001273000 	/usr/lib/system/libsystem_coretls.dylib
0x0000000001273000 	/usr/lib/system/libsystem_dnssd.dylib
0x0000000001273000 	/usr/lib/system/libsystem_info.dylib
0x0000000001273000 	/usr/lib/system/libsystem_kernel.dylib
0x0000000001273000 	/usr/lib/system/libsystem_m.dylib
0x0000000001273000 	/usr/lib/system/libsystem_malloc.dylib
0x0000000001273000 	/usr/lib/system/libsystem_network.dylib
0x0000000001273000 	/usr/lib/system/libsystem_networkextension.dylib
0x0000000001273000 	/usr/lib/system/libsystem_notify.dylib
0x0000000001273000 	/usr/lib/system/libsystem_platform.dylib
0x0000000001273000 	/usr/lib/system/libsystem_pthread.dylib
0x0000000001273000 	/usr/lib/system/libsystem_sandbox.dylib
0x0000000001273000 	/usr/lib/system/libsystem_secinit.dylib
0x0000000001273000 	/usr/lib/system/libsystem_trace.dylib
0x0000000001273000 	/usr/lib/system/libunc.dylib
0x0000000001273000 	/usr/lib/system/libunwind.dylib
0x0000000001273000 	/usr/lib/system/libxpc.dylib
0x0000000001273000 	/usr/lib/libenergytrace.dylib
0x0000000001273000 	/usr/lib/libbsm.0.dylib
0x0000000001273000 	/usr/lib/system/libkxld.dylib
0x0000000001273000 	/usr/lib/libxar.1.dylib
0x0000000001273000 	/usr/lib/libsqlite3.dylib
0x0000000001273000 	/usr/lib/libpam.2.dylib
0x0000000001273000 	/usr/lib/libOpenScriptingUtil.dylib
0x0000000001273000 	/usr/lib/libbz2.1.0.dylib
0x0000000001273000 	/usr/lib/liblzma.5.dylib
0x0000000001273000 	/System/Library/Frameworks/CoreServices.framework/Versions/A/Frameworks/FSEvents.framework/Versions/A/FSEvents
0x0000000001273000 	/System/Library/Frameworks/CoreServices.framework/Versions/A/Frameworks/CarbonCore.framework/Versions/A/CarbonCore
0x0000000001273000 	/System/Library/Frameworks/CoreServices.framework/Versions/A/Frameworks/Metadata.framework/Versions/A/Metadata
0x0000000001273000 	/System/Library/Frameworks/CoreServices.framework/Versions/A/Frameworks/OSServices.framework/Versions/A/OSServices
0x0000000001273000 	/System/Library/Frameworks/CoreServices.framework/Versions/A/Frameworks/SearchKit.framework/Versions/A/SearchKit
0x0000000001273000 	/System/Library/Frameworks/CoreServices.framework/Versions/A/Frameworks/AE.framework/Versions/A/AE
0x0000000001273000 	/System/Library/Frameworks/CoreServices.framework/Versions/A/Frameworks/LaunchServices.framework/Versions/A/LaunchServices
0x0000000001273000 	/System/Library/Frameworks/CoreServices.framework/Versions/A/Frameworks/DictionaryServices.framework/Versions/A/DictionaryServices
0x0000000001273000 	/System/Library/Frameworks/CoreServices.framework/Versions/A/Frameworks/SharedFileList.framework/Versions/A/SharedFileList
0x0000000001273000 	/System/Library/Frameworks/NetFS.framework/Versions/A/NetFS
0x0000000001273000 	/System/Library/PrivateFrameworks/NetAuth.framework/Versions/A/NetAuth
0x0000000001273000 	/System/Library/PrivateFrameworks/login.framework/Versions/A/Frameworks/loginsupport.framework/Versions/A/loginsupport
0x0000000001273000 	/System/Library/PrivateFrameworks/TCC.framework/Versions/A/TCC
0x0000000001273000 	/usr/lib/libmecabra.dylib
0x0000000001273000 	/System/Library/Frameworks/ApplicationServices.framework/Versions/A/Frameworks/ATS.framework/Versions/A/ATS
0x0000000001273000 	/System/Library/Frameworks/ApplicationServices.framework/Versions/A/Frameworks/ColorSync.framework/Versions/A/ColorSync
0x0000000001273000 	/System/Library/Frameworks/ApplicationServices.framework/Versions/A/Frameworks/HIServices.framework/Versions/A/HIServices
0x0000000001273000 	/System/Library/Frameworks/ApplicationServices.framework/Versions/A/Frameworks/LangAnalysis.framework/Versions/A/LangAnalysis
0x0000000001273000 	/System/Library/Frameworks/ApplicationServices.framework/Versions/A/Frameworks/PrintCore.framework/Versions/A/PrintCore
0x0000000001273000 	/System/Library/Frameworks/ApplicationServices.framework/Versions/A/Frameworks/QD.framework/Versions/A/QD
0x0000000001273000 	/System/Library/Frameworks/ApplicationServices.framework/Versions/A/Frameworks/SpeechSynthesis.framework/Versions/A/SpeechSynthesis
0x0000000001273000 	/System/Library/Frameworks/Metal.framework/Versions/A/Metal
0x0000000001273000 	/System/Library/Frameworks/Accelerate.framework/Versions/A/Frameworks/vImage.framework/Versions/A/vImage
0x0000000001273000 	/System/Library/Frameworks/Accelerate.framework/Versions/A/Frameworks/vecLib.framework/Versions/A/vecLib
0x0000000001273000 	/System/Library/Frameworks/Accelerate.framework/Versions/A/Frameworks/vecLib.framework/Versions/A/libvDSP.dylib
0x0000000001273000 	/System/Library/Frameworks/Accelerate.framework/Versions/A/Frameworks/vecLib.framework/Versions/A/libvMisc.dylib
0x0000000001273000 	/System/Library/Frameworks/Accelerate.framework/Versions/A/Frameworks/vecLib.framework/Versions/A/libLAPACK.dylib
0x0000000001273000 	/System/Library/Frameworks/Accelerate.framework/Versions/A/Frameworks/vecLib.framework/Versions/A/libBLAS.dylib
0x0000000001273000 	/System/Library/Frameworks/Accelerate.framework/Versions/A/Frameworks/vecLib.framework/Versions/A/libLinearAlgebra.dylib
0x0000000001273000 	/System/Library/Frameworks/Accelerate.framework/Versions/A/Frameworks/vecLib.framework/Versions/A/libSparseBLAS.dylib
0x0000000001273000 	/System/Library/PrivateFrameworks/GPUCompiler.framework/libmetal_timestamp.dylib
0x0000000001273000 	/System/Library/Frameworks/OpenGL.framework/Versions/A/Libraries/libCoreFSCache.dylib
0x0000000001273000 	/System/Library/PrivateFrameworks/IOAccelerator.framework/Versions/A/IOAccelerator
0x0000000001273000 	/System/Library/Frameworks/ApplicationServices.framework/Versions/A/Frameworks/ATS.framework/Versions/A/Resources/libFontParser.dylib
0x0000000001273000 	/System/Library/Frameworks/ApplicationServices.framework/Versions/A/Frameworks/ATS.framework/Versions/A/Resources/libFontRegistry.dylib
0x0000000001273000 	/System/Library/PrivateFrameworks/AppleVPA.framework/Versions/A/AppleVPA
0x0000000001273000 	/System/Library/PrivateFrameworks/AppleJPEG.framework/Versions/A/AppleJPEG
0x0000000001273000 	/System/Library/Frameworks/ImageIO.framework/Versions/A/Resources/libJPEG.dylib
0x0000000001273000 	/System/Library/Frameworks/ImageIO.framework/Versions/A/Resources/libTIFF.dylib
0x0000000001273000 	/System/Library/Frameworks/ImageIO.framework/Versions/A/Resources/libPng.dylib
0x0000000001273000 	/System/Library/Frameworks/ImageIO.framework/Versions/A/Resources/libGIF.dylib
0x0000000001273000 	/System/Library/Frameworks/ImageIO.framework/Versions/A/Resources/libJP2.dylib
0x0000000001273000 	/System/Library/Frameworks/ImageIO.framework/Versions/A/Resources/libRadiance.dylib
0x0000000001273000 	/System/Library/Frameworks/CoreVideo.framework/Versions/A/CoreVideo
0x0000000001273000 	/System/Library/Frameworks/OpenGL.framework/Versions/A/Libraries/libGLU.dylib
0x0000000001273000 	/System/Library/Frameworks/OpenGL.framework/Versions/A/Libraries/libGFXShared.dylib
0x0000000001273000 	/System/Library/Frameworks/OpenGL.framework/Versions/A/Libraries/libGL.dylib
0x0000000001273000 	/System/Library/Frameworks/OpenGL.framework/Versions/A/Libraries/libGLImage.dylib
0x0000000001273000 	/System/Library/Frameworks/OpenGL.framework/Versions/A/Libraries/libCVMSPluginSupport.dylib
0x0000000001273000 	/System/Library/Frameworks/OpenGL.framework/Versions/A/Libraries/libCoreVMClient.dylib
0x0000000001273000 	/usr/lib/libcompression.dylib
0x0000000001273000 	/usr/lib/libcups.2.dylib
0x0000000001273000 	/System/Library/Frameworks/Kerberos.framework/Versions/A/Kerberos
0x0000000001273000 	/System/Library/Frameworks/GSS.framework/Versions/A/GSS
0x0000000001273000 	/usr/lib/libresolv.9.dylib
0x0000000001273000 	/usr/lib/libiconv.2.dylib
0x0000000001273000 	/System/Library/PrivateFrameworks/Heimdal.framework/Versions/A/Heimdal
0x0000000001273000 	/usr/lib/libheimdal-asn1.dylib
0x0000000001273000 	/System/Library/Frameworks/OpenDirectory.framework/Versions/A/OpenDirectory
0x0000000001273000 	/System/Library/PrivateFrameworks/CommonAuth.framework/Versions/A/CommonAuth
0x0000000001273000 	/System/Library/Frameworks/OpenDirectory.framework/Versions/A/Frameworks/CFOpenDirectory.framework/Versions/A/CFOpenDirectory
0x0000000001273000 	/System/Library/Frameworks/SecurityFoundation.framework/Versions/A/SecurityFoundation
0x0000000001273000 	/System/Library/PrivateFrameworks/LanguageModeling.framework/Versions/A/LanguageModeling
0x0000000001273000 	/usr/lib/libmarisa.dylib
0x0000000001273000 	/usr/lib/libChineseTokenizer.dylib
0x0000000001273000 	/usr/lib/libcmph.dylib
0x0000000001273000 	/System/Library/Frameworks/ServiceManagement.framework/Versions/A/ServiceManagement
0x0000000001273000 	/usr/lib/libxslt.1.dylib
0x0000000001273000 	/System/Library/Frameworks/Carbon.framework/Versions/A/Frameworks/Ink.framework/Versions/A/Ink
0x0000000001273000 	/usr/lib/libFosl_dynamic.dylib
0x0000000001273000 	/System/Library/PrivateFrameworks/FaceCore.framework/Versions/A/FaceCore
0x0000000001273000 	/System/Library/Frameworks/OpenCL.framework/Versions/A/OpenCL
0x0000000001273000 	/System/Library/PrivateFrameworks/CrashReporterSupport.framework/Versions/A/CrashReporterSupport
0x0000000001273000 	/System/Library/PrivateFrameworks/IconServices.framework/Versions/A/IconServices
0x0000000001273000 	/System/Library/PrivateFrameworks/Apple80211.framework/Versions/A/Apple80211
0x0000000001273000 	/System/Library/Frameworks/CoreWLAN.framework/Versions/A/CoreWLAN
0x0000000001273000 	/System/Library/Frameworks/IOBluetooth.framework/Versions/A/IOBluetooth
0x0000000001273000 	/System/Library/PrivateFrameworks/CoreWiFi.framework/Versions/A/CoreWiFi
0x0000000001273000 	/System/Library/Frameworks/CoreBluetooth.framework/Versions/A/CoreBluetooth
0x0000000001273000 	/System/Library/PrivateFrameworks/ChunkingLibrary.framework/Versions/A/ChunkingLibrary
0x0000000001273000 	/System/Library/PrivateFrameworks/DebugSymbols.framework/Versions/A/DebugSymbols
0x0000000001273000 	/System/Library/PrivateFrameworks/CoreSymbolication.framework/Versions/A/CoreSymbolication
0x0000000001273000 	/System/Library/PrivateFrameworks/Symbolication.framework/Versions/A/Symbolication
0x0000000001273000 	/System/Library/PrivateFrameworks/SpeechRecognitionCore.framework/Versions/A/SpeechRecognitionCore
0x0000000103e00000 	/Library/Java/JavaVirtualMachines/jdk1.8.0_51.jdk/Contents/Home/jre/lib/server/libjvm.dylib
0x0000000001273000 	/usr/lib/libstdc++.6.dylib
0x0000000102d4e000 	/Library/Java/JavaVirtualMachines/jdk1.8.0_51.jdk/Contents/Home/jre/lib/libverify.dylib
0x0000000102d5c000 	/Library/Java/JavaVirtualMachines/jdk1.8.0_51.jdk/Contents/Home/jre/lib/libjava.dylib
0x0000000102d9b000 	/Library/Java/JavaVirtualMachines/jdk1.8.0_51.jdk/Contents/Home/jre/lib/libzip.dylib
0x000000011fdcf000 	/System/Library/Frameworks/JavaVM.framework/Frameworks/JavaRuntimeSupport.framework/JavaRuntimeSupport
0x000000011fdea000 	/System/Library/Frameworks/JavaVM.framework/Versions/A/Frameworks/JavaNativeFoundation.framework/Versions/A/JavaNativeFoundation
0x000000011fdff000 	/System/Library/Frameworks/JavaVM.framework/Versions/A/JavaVM
0x0000000001273000 	/System/Library/Frameworks/Carbon.framework/Versions/A/Carbon
0x000000011fe0c000 	/System/Library/PrivateFrameworks/JavaLaunching.framework/Versions/A/JavaLaunching
0x0000000001273000 	/System/Library/Frameworks/Carbon.framework/Versions/A/Frameworks/CommonPanels.framework/Versions/A/CommonPanels
0x0000000001273000 	/System/Library/Frameworks/Carbon.framework/Versions/A/Frameworks/Help.framework/Versions/A/Help
0x0000000001273000 	/System/Library/Frameworks/Carbon.framework/Versions/A/Frameworks/ImageCapture.framework/Versions/A/ImageCapture
0x0000000001273000 	/System/Library/Frameworks/Carbon.framework/Versions/A/Frameworks/OpenScripting.framework/Versions/A/OpenScripting
0x0000000001273000 	/System/Library/Frameworks/Carbon.framework/Versions/A/Frameworks/Print.framework/Versions/A/Print
0x0000000001273000 	/System/Library/Frameworks/Carbon.framework/Versions/A/Frameworks/SecurityHI.framework/Versions/A/SecurityHI
0x0000000121731000 	/Library/Java/JavaVirtualMachines/jdk1.8.0_51.jdk/Contents/Home/jre/lib/libawt.dylib
0x00000001217d9000 	/Library/Java/JavaVirtualMachines/jdk1.8.0_51.jdk/Contents/Home/jre/lib/./libmlib_image.dylib
0x00000001218a5000 	/Library/Java/JavaVirtualMachines/jdk1.8.0_51.jdk/Contents/Home/jre/lib/libawt_lwawt.dylib
0x0000000121959000 	/Library/Java/JavaVirtualMachines/jdk1.8.0_51.jdk/Contents/Home/jre/lib/./libosxapp.dylib
0x0000000001273000 	/System/Library/Frameworks/ExceptionHandling.framework/Versions/A/ExceptionHandling
0x0000000001273000 	/System/Library/PrivateFrameworks/CoreServicesInternal.framework/Versions/A/CoreServicesInternal
0x0000000001273000 	/System/Library/Frameworks/CoreGraphics.framework/Versions/A/Resources/libRIP.A.dylib
0x0000000001273000 	/System/Library/Frameworks/Accelerate.framework/Versions/A/Frameworks/vImage.framework/Versions/A/Libraries/libCGInterfaces.dylib
0x0000000001273000 	/System/Library/Frameworks/CoreGraphics.framework/Versions/A/Resources/libCGXType.A.dylib
0x0000000001273000 	/System/Library/Frameworks/OpenCL.framework/Versions/A/Libraries/libcldcpuengine.dylib
0x0000000001273000 	/System/Library/PrivateFrameworks/DiskImages.framework/Versions/A/DiskImages
0x0000000001273000 	/System/Library/Frameworks/DiscRecording.framework/Versions/A/DiscRecording
0x0000000001273000 	/usr/lib/libcsfde.dylib
0x0000000001273000 	/usr/lib/libcurl.4.dylib
0x0000000001273000 	/System/Library/PrivateFrameworks/MediaKit.framework/Versions/A/MediaKit
0x0000000001273000 	/System/Library/PrivateFrameworks/ProtectedCloudStorage.framework/Versions/A/ProtectedCloudStorage
0x0000000001273000 	/usr/lib/libCoreStorage.dylib
0x0000000001273000 	/System/Library/PrivateFrameworks/EFILogin.framework/Versions/A/EFILogin
0x0000000001273000 	/usr/lib/libutil.dylib
0x0000000001273000 	/System/Library/PrivateFrameworks/FindMyDevice.framework/Versions/A/FindMyDevice
0x0000000001273000 	/System/Library/Frameworks/LDAP.framework/Versions/A/LDAP
0x0000000001273000 	/usr/lib/libsasl2.2.dylib
0x0000000001273000 	/System/Library/PrivateFrameworks/CoreDaemon.framework/Versions/B/CoreDaemon
0x0000000001273000 	/usr/lib/libcrypto.0.9.8.dylib
0x0000000001273000 	/System/Library/PrivateFrameworks/AppleSRP.framework/Versions/A/AppleSRP
0x0000000001273000 	/System/Library/PrivateFrameworks/TrustEvaluationAgent.framework/Versions/A/TrustEvaluationAgent
0x0000000122886000 	cl_kernels
0x0000000001273000 	/System/Library/Frameworks/OpenCL.framework/Versions/A/Libraries/ImageFormats/unorm8_bgra.dylib
0x0000000001273000 	/System/Library/Frameworks/OpenCL.framework/Versions/A/Libraries/ImageFormats/unorm8_rgba.dylib
0x0000000001273000 	/System/Library/PrivateFrameworks/FamilyControls.framework/Versions/A/FamilyControls
0x0000000001273000 	/System/Library/PrivateFrameworks/CommerceKit.framework/Versions/A/Frameworks/CommerceCore.framework/Versions/A/CommerceCore
0x0000000001273000 	/System/Library/PrivateFrameworks/SystemAdministration.framework/Versions/A/SystemAdministration
0x0000000001273000 	/System/Library/PrivateFrameworks/AppContainer.framework/Versions/A/AppContainer
0x0000000001273000 	/System/Library/PrivateFrameworks/SecCodeWrapper.framework/Versions/A/SecCodeWrapper
0x0000000001273000 	/System/Library/Frameworks/DirectoryService.framework/Versions/A/DirectoryService
0x0000000001273000 	/System/Library/PrivateFrameworks/LoginUIKit.framework/Versions/A/Frameworks/LoginUICore.framework/Versions/A/LoginUICore
0x0000000001273000 	/usr/lib/libodfde.dylib
0x0000000001273000 	/System/Library/Frameworks/OpenGL.framework/Versions/A/Resources/GLEngine.bundle/GLEngine
0x0000000001273000 	/System/Library/Frameworks/OpenGL.framework/Versions/A/Libraries/libGLProgrammability.dylib
0x000000012487e000 	/System/Library/Extensions/AppleIntelHD5000GraphicsGLDriver.bundle/Contents/MacOS/AppleIntelHD5000GraphicsGLDriver
0x0000000001273000 	/System/Library/PrivateFrameworks/GPUSupport.framework/Versions/A/Libraries/libGPUSupportMercury.dylib
0x0000000124fcd000 	/System/Library/Extensions/AMDRadeonX4000GLDriver.bundle/Contents/MacOS/AMDRadeonX4000GLDriver
0x0000000125099000 	/System/Library/Extensions/AMDRadeonX4000GLDriver.bundle/Contents/MacOS/ATIRadeonX4000SCLib.dylib
0x0000000001273000 	/System/Library/Frameworks/OpenGL.framework/Versions/A/Resources/GLRendererFloat.bundle/GLRendererFloat
0x00000001256fd000 	/Library/Java/JavaVirtualMachines/jdk1.8.0_51.jdk/Contents/Home/jre/lib/libfontmanager.dylib
0x0000000125764000 	/Library/Java/JavaVirtualMachines/jdk1.8.0_51.jdk/Contents/Home/jre/lib/libosxui.dylib
0x000000012823e000 	/System/Library/Extensions/AMDMTLBronzeDriver.bundle/Contents/MacOS/AMDMTLBronzeDriver
0x0000000001273000 	/System/Library/PrivateFrameworks/IOAccelMemoryInfo.framework/Versions/A/IOAccelMemoryInfo
0x0000000128385000 	/System/Library/Extensions/AppleIntelHD5000GraphicsMTLDriver.bundle/Contents/MacOS/AppleIntelHD5000GraphicsMTLDriver
0x0000000128bcd000 	/Library/Java/JavaVirtualMachines/jdk1.8.0_51.jdk/Contents/Home/jre/lib/libnet.dylib
0x000000012862c000 	/Library/Java/JavaVirtualMachines/jdk1.8.0_51.jdk/Contents/Home/jre/lib/libnio.dylib
0x0000000128050000 	/Library/Java/JavaVirtualMachines/jdk1.8.0_51.jdk/Contents/Home/jre/lib/libsunec.dylib

VM Arguments:
jvm_args: -Dfile.encoding=UTF-8 
java_command: GetMusic
java_class_path (initial): /Users/Matt/Desktop/Coding/Java/Newsic/bin:/Users/Matt/Desktop/Coding/Java/Libraries/JSoup/jsoup-1.10.3.jar:/Users/Matt/Downloads/mysql-connector-java-5.1.43/mysql-connector-java-5.1.43-bin.jar:/Users/Matt/Desktop/Coding/Java/Newsic/miglayout15-swing.jar
Launcher Type: SUN_STANDARD

Environment Variables:
PATH=/usr/bin:/bin:/usr/sbin:/sbin
SHELL=/bin/bash

Signal Handlers:
SIGSEGV: [libjvm.dylib+0x58ef35], sa_mask[0]=11111111011111110111111111111111, sa_flags=SA_ONSTACK|SA_RESTART|SA_SIGINFO
SIGBUS: [libjvm.dylib+0x58ef35], sa_mask[0]=11111111011111110111111111111111, sa_flags=SA_RESTART|SA_SIGINFO
SIGFPE: [libjvm.dylib+0x46c028], sa_mask[0]=11111111011111110111111111111111, sa_flags=SA_RESTART|SA_SIGINFO
SIGPIPE: [libjvm.dylib+0x46c028], sa_mask[0]=11111111011111110111111111111111, sa_flags=SA_RESTART|SA_SIGINFO
SIGXFSZ: [libjvm.dylib+0x46c028], sa_mask[0]=11111111011111110111111111111111, sa_flags=SA_RESTART|SA_SIGINFO
SIGILL: [libjvm.dylib+0x46c028], sa_mask[0]=11111111011111110111111111111111, sa_flags=SA_RESTART|SA_SIGINFO
SIGUSR1: SIG_DFL, sa_mask[0]=00000000000000000000000000000000, sa_flags=none
SIGUSR2: [libjvm.dylib+0x46bb46], sa_mask[0]=00100000000000000000000000000000, sa_flags=SA_RESTART|SA_SIGINFO
SIGHUP: [libjvm.dylib+0x46a119], sa_mask[0]=11111111011111110111111111111111, sa_flags=SA_RESTART|SA_SIGINFO
SIGINT: [libjvm.dylib+0x46a119], sa_mask[0]=11111111011111110111111111111111, sa_flags=SA_RESTART|SA_SIGINFO
SIGTERM: [libjvm.dylib+0x46a119], sa_mask[0]=11111111011111110111111111111111, sa_flags=SA_RESTART|SA_SIGINFO
SIGQUIT: [libjvm.dylib+0x46a119], sa_mask[0]=11111111011111110111111111111111, sa_flags=SA_RESTART|SA_SIGINFO


---------------  S Y S T E M  ---------------

OS:Bsduname:Darwin 15.6.0 Darwin Kernel Version 15.6.0: Thu Jun 23 18:25:34 PDT 2016; root:xnu-3248.60.10~1/RELEASE_X86_64 x86_64
rlimit: STACK 8192k, CORE 0k, NPROC 709, NOFILE 10240, AS infinity
load average:2.81 2.22 2.11

CPU:total 8 (4 cores per cpu, 2 threads per core) family 6 model 70 stepping 1, cmov, cx8, fxsr, mmx, sse, sse2, sse3, ssse3, sse4.1, sse4.2, popcnt, avx, avx2, aes, clmul, erms, lzcnt, ht, tsc, tscinvbit, bmi1, bmi2

Memory: 4k page, physical 16777216k(963116k free)

/proc/meminfo:


vm_info: Java HotSpot(TM) 64-Bit Server VM (25.51-b03) for bsd-amd64 JRE (1.8.0_51-b16), built on Jun  8 2015 18:01:11 by "java_re" with gcc 4.2.1 (Based on Apple Inc. build 5658) (LLVM build 2336.11.00)

time: Tue Dec 26 16:49:53 2017
elapsed time: 68346 seconds (0d 18h 59m 6s)

